This is pdfTeX, Version 3.1415926-2.5-1.40.13 (TeX Live 2013/dev) (format=latex 2013.6.1)  14 JUL 2015 15:53
entering extended mode
 restricted \write18 enabled.
 %&-line parsing enabled.
**biblio.tex
(./biblio.tex
LaTeX2e <2011/06/27>
Babel <v3.8m> and hyphenation patterns for english, dumylang, nohyphenation, lo
aded.
! Undefined control sequence.
l.3 \phantomsection
                   
? x
 
Here is how much of TeX's memory you used:
 5 strings out of 495064
 129 string characters out of 3182218
 45057 words of memory out of 3000000
 3288 multiletter control sequences out of 15000+200000
 3640 words of font info for 14 fonts, out of 3000000 for 9000
 14 hyphenation exceptions out of 8191
 8i,0n,2p,30b,12s stack positions out of 5000i,500n,10000p,200000b,50000s
No pages of output.
